<?xml version="1.0" encoding="UTF-8"?>
<testsuite xmlns:xsi="http://www.w3.org/2001/XMLSchema-instance" xsi:noNamespaceSchemaLocation="https://maven.apache.org/surefire/maven-surefire-plugin/xsd/surefire-test-report.xsd" name="org.example.AppTest" time="0.055" tests="7" errors="0" skipped="0" failures="0">
  <properties>
[...]
</properties>
  <testcase name="SingleCharA" classname="org.example.AppTest" time="0.004"/>
  <testcase name="SomeotherChar" classname="org.example.AppTest" time="0"/>
  <testcase name="NoCharsA" classname="org.example.AppTest" time="0"/>
  <testcase name="EmptyChar" classname="org.example.AppTest" time="0"/>
  <testcase name="BothCharsA" classname="org.example.AppTest" time="0"/>
  <testcase name="FirstCharA" classname="org.example.AppTest" time="0"/>
  <testcase name="SecondCharA" classname="org.example.AppTest" time="0"/>
</testsuite>